<?xml version="1.0" encoding="UTF-8"?>
<!-- Generated by org.testng.reporters.JUnitReportReporter -->
<testsuite hostname="vmwx64apxqa11" name="com.mycompany.myproject.TESTDemo" tests="1" failures="0" timestamp="6 Dec 2019 11:09:41 GMT" time="13.846" errors="0">
  <testcase name="myTest" time="13.846" classname="com.mycompany.myproject.TESTDemo"/>
</testsuite> <!-- com.mycompany.myproject.TESTDemo -->
